Arguments: 
  /home/guillaume-gomez/.nvm/versions/node/v14.16.0/bin/node /home/guillaume-gomez/.yarn/bin/yarn.js

PATH: 
  /home/guillaume-gomez/.rbenv/shims:/home/guillaume-gomez/.rbenv/bin:/home/guillaume-gomez/.yarn/bin:/home/guillaume-gomez/.config/yarn/global/node_modules/.bin:/home/guillaume-gomez/.rbenv/shims:/home/guillaume-gomez/.rbenv/bin:/home/guillaume-gomez/.nvm/versions/node/v14.16.0/bin:/home/guillaume-gomez/.autojump/bin:/home/guillaume-gomez/.cargo/bin:/home/guillaume-gomez/.local/bin:/usr/local/sbin:/usr/local/bin:/usr/sbin:/usr/bin:/sbin:/bin:/usr/games:/usr/local/games:/snap/bin:/home/guillaume-gomez/.rvm/binalias:/home/guillaume-gomez/Android/Sdk/tools:/home/guillaume-gomez/Android/Sdk/platform-tools

Yarn version: 
  1.22.13

Node version: 
  14.16.0

Platform: 
  linux x64

Trace: 
  SyntaxError: /home/guillaume-gomez/code/projects/wasm-game-of-life/www/package.json: Unexpected token } in JSON at position 387
      at JSON.parse (<anonymous>)
      at /home/guillaume-gomez/.yarn/lib/cli.js:1625:59
      at Generator.next (<anonymous>)
      at step (/home/guillaume-gomez/.yarn/lib/cli.js:310:30)
      at /home/guillaume-gomez/.yarn/lib/cli.js:321:13

npm manifest: 
  {
    "name": "create-wasm-app",
    "version": "0.1.0",
    "description": "create an app to consume rust-generated wasm packages",
    "main": "index.js",
    "bin": {
      "create-wasm-app": ".bin/create-wasm-app.js"
    },
    "scripts": {
      "build": "webpack --config webpack.config.js",
      "start": "webpack-dev-server",
      "predeploy": "yarn run build",
      "deploy": "gh-pages -d build",
    },
    "repository": {
      "type": "git",
      "url": "git+https://github.com/rustwasm/create-wasm-app.git"
    },
    "keywords": [
      "webassembly",
      "wasm",
      "rust",
      "webpack"
    ],
    "author": "Ashley Williams <ashley666ashley@gmail.com>",
    "license": "(MIT OR Apache-2.0)",
    "bugs": {
      "url": "https://github.com/rustwasm/create-wasm-app/issues"
    },
    "homepage": "https://github.com/rustwasm/create-wasm-app#readme",
    "dependencies": {
      "wasm-game-of-life": "file:../pkg",
      "daisyui": "^1.16.0",
      "gh-pages": "^3.1.0"
    },
    "devDependencies": {
      "autoprefixer": "^10.4.0",
      "copy-webpack-plugin": "^5.0.0",
      "hello-wasm-pack": "^0.1.0",
      "postcss": "^8.3.11",
      "tailwindcss": "^2.2.19",
      "webpack": "^4.29.3",
      "webpack-cli": "^3.1.0",
      "webpack-dev-server": "^3.1.5"
    }
  }

yarn manifest: 
  No manifest

Lockfile: 
  No lockfile
